<?xml version="1.0" encoding="UTF-8"?>
<testsuite name="com.example.hello_selenium_junit.SearchTest" tests="1" skipped="0" failures="0" errors="0" timestamp="2021-02-03T14:18:21" hostname="ubuntu" time="21.075">
  <properties/>
  <testcase name="googlesearch()" classname="com.example.hello_selenium_junit.SearchTest" time="21.075"/>
  <system-out><![CDATA[]]></system-out>
  <system-err><![CDATA[1612361903364	geckodriver	INFO	Listening on 127.0.0.1:24992
1612361904161	mozrunner::runner	INFO	Running command: "/usr/lib/firefox/firefox" "--marionette" "-headless" "-foreground" "-no-remote" "-profile" "/tmp/rust_mozprofileKxFXZO"
*** You are running in headless mode.

(firefox:71163): GLib-GObject-WARNING **: 15:18:24.941: invalid (NULL) pointer instance

(firefox:71163): GLib-GObject-CRITICAL **: 15:18:24.942: g_signal_connect_data: assertion 'G_TYPE_CHECK_INSTANCE (instance)' failed

(/usr/lib/firefox/firefox:71367): GLib-GObject-WARNING **: 15:18:25.893: invalid (NULL) pointer instance

(/usr/lib/firefox/firefox:71367): GLib-GObject-CRITICAL **: 15:18:25.893: g_signal_connect_data: assertion 'G_TYPE_CHECK_INSTANCE (instance)' failed

(/usr/lib/firefox/firefox:71388): GLib-GObject-WARNING **: 15:18:26.214: invalid (NULL) pointer instance

(/usr/lib/firefox/firefox:71388): GLib-GObject-CRITICAL **: 15:18:26.214: g_signal_connect_data: assertion 'G_TYPE_CHECK_INSTANCE (instance)' failed
console.warn: SearchSettings: "get: No settings file exists, new profile?" (new Error("", "(unknown module)"))

(/usr/lib/firefox/firefox:71451): GLib-GObject-WARNING **: 15:18:28.647: invalid (NULL) pointer instance

(/usr/lib/firefox/firefox:71451): GLib-GObject-CRITICAL **: 15:18:28.647: g_signal_connect_data: assertion 'G_TYPE_CHECK_INSTANCE (instance)' failed
1612361908769	Marionette	INFO	Listening on port 39697
1612361908845	Marionette	WARN	TLS certificate errors will be ignored for this session
Feb 03, 2021 3:18:29 PM org.openqa.selenium.remote.ProtocolHandshake createSession
INFO: Detected dialect: W3C
1612361921713	Marionette	INFO	Stopped listening on port 39697

###!!! [Parent][RunMessage] Error: Channel closing: too late to send/recv, messages will be lost

]]></system-err>
</testsuite>
