<?xml version="1.0" encoding="UTF-8"?>
<testsuite name="com.example.hello_selenium_junit.SearchTest" tests="1" skipped="0" failures="0" errors="0" timestamp="2021-02-03T15:26:41" hostname="ubuntu" time="14.759">
  <properties/>
  <testcase name="googlesearch()" classname="com.example.hello_selenium_junit.SearchTest" time="14.759"/>
  <system-out><![CDATA[]]></system-out>
  <system-err><![CDATA[1612366001437	geckodriver	INFO	Listening on 127.0.0.1:13518
1612366001491	mozrunner::runner	INFO	Running command: "/usr/lib/firefox/firefox" "--marionette" "-headless" "-foreground" "-no-remote" "-profile" "/tmp/rust_mozprofileMzMtAF"
*** You are running in headless mode.

(firefox:93165): GLib-GObject-WARNING **: 16:26:42.378: invalid (NULL) pointer instance

(firefox:93165): GLib-GObject-CRITICAL **: 16:26:42.379: g_signal_connect_data: assertion 'G_TYPE_CHECK_INSTANCE (instance)' failed

(/usr/lib/firefox/firefox:93220): GLib-GObject-WARNING **: 16:26:43.291: invalid (NULL) pointer instance

(/usr/lib/firefox/firefox:93220): GLib-GObject-CRITICAL **: 16:26:43.291: g_signal_connect_data: assertion 'G_TYPE_CHECK_INSTANCE (instance)' failed

(/usr/lib/firefox/firefox:93238): GLib-GObject-WARNING **: 16:26:43.627: invalid (NULL) pointer instance

(/usr/lib/firefox/firefox:93238): GLib-GObject-CRITICAL **: 16:26:43.627: g_signal_connect_data: assertion 'G_TYPE_CHECK_INSTANCE (instance)' failed
console.warn: SearchSettings: "get: No settings file exists, new profile?" (new Error("", "(unknown module)"))

(/usr/lib/firefox/firefox:93301): GLib-GObject-WARNING **: 16:26:46.281: invalid (NULL) pointer instance

(/usr/lib/firefox/firefox:93301): GLib-GObject-CRITICAL **: 16:26:46.281: g_signal_connect_data: assertion 'G_TYPE_CHECK_INSTANCE (instance)' failed
1612366006545	Marionette	INFO	Listening on port 36711
1612366006664	Marionette	WARN	TLS certificate errors will be ignored for this session
Feb 03, 2021 4:26:46 PM org.openqa.selenium.remote.ProtocolHandshake createSession
INFO: Detected dialect: W3C
1612366015071	Marionette	INFO	Stopped listening on port 36711
]]></system-err>
</testsuite>
