<?xml version="1.0" encoding="UTF-8"?>
<testsuite name="com.example.hello_selenium_junit.imdbTest" tests="1" skipped="0" failures="0" errors="0" timestamp="2021-02-03T15:30:06" hostname="ubuntu" time="22.738">
  <properties/>
  <testcase name="imdbwandavision()" classname="com.example.hello_selenium_junit.imdbTest" time="22.738"/>
  <system-out><![CDATA[]]></system-out>
  <system-err><![CDATA[1612366206920	geckodriver	INFO	Listening on 127.0.0.1:7453
1612366206942	mozrunner::runner	INFO	Running command: "/usr/lib/firefox/firefox" "--marionette" "-headless" "-foreground" "-no-remote" "-profile" "/tmp/rust_mozprofileg2XFQM"
*** You are running in headless mode.

(firefox:95065): GLib-GObject-WARNING **: 16:30:07.641: invalid (NULL) pointer instance

(firefox:95065): GLib-GObject-CRITICAL **: 16:30:07.642: g_signal_connect_data: assertion 'G_TYPE_CHECK_INSTANCE (instance)' failed

(/usr/lib/firefox/firefox:95113): GLib-GObject-WARNING **: 16:30:08.296: invalid (NULL) pointer instance

(/usr/lib/firefox/firefox:95113): GLib-GObject-CRITICAL **: 16:30:08.296: g_signal_connect_data: assertion 'G_TYPE_CHECK_INSTANCE (instance)' failed

(/usr/lib/firefox/firefox:95133): GLib-GObject-WARNING **: 16:30:08.541: invalid (NULL) pointer instance

(/usr/lib/firefox/firefox:95133): GLib-GObject-CRITICAL **: 16:30:08.541: g_signal_connect_data: assertion 'G_TYPE_CHECK_INSTANCE (instance)' failed
console.warn: SearchSettings: "get: No settings file exists, new profile?" (new Error("", "(unknown module)"))

(/usr/lib/firefox/firefox:95193): GLib-GObject-WARNING **: 16:30:10.620: invalid (NULL) pointer instance

(/usr/lib/firefox/firefox:95193): GLib-GObject-CRITICAL **: 16:30:10.620: g_signal_connect_data: assertion 'G_TYPE_CHECK_INSTANCE (instance)' failed
1612366210801	Marionette	INFO	Listening on port 43175
1612366210920	Marionette	WARN	TLS certificate errors will be ignored for this session
Feb 03, 2021 4:30:10 PM org.openqa.selenium.remote.ProtocolHandshake createSession
INFO: Detected dialect: W3C
1612366227469	Marionette	INFO	Stopped listening on port 43175
JavaScript error: https://tpc.googlesyndication.com/sodar/Enqz_20U.html, line 35: NS_ERROR_NOT_INITIALIZED: 
JavaScript error: https://tpc.googlesyndication.com/sodar/Enqz_20U.html, line 35: NS_ERROR_NOT_INITIALIZED: 
]]></system-err>
</testsuite>
