<?xml version="1.0" encoding="UTF-8"?>
<testsuite name="com.example.hello_selenium_junit.imdbTest" tests="1" skipped="0" failures="0" errors="0" timestamp="2021-02-03T14:19:26" hostname="ubuntu" time="31.736">
  <properties/>
  <testcase name="imdbwandavision()" classname="com.example.hello_selenium_junit.imdbTest" time="31.736"/>
  <system-out><![CDATA[]]></system-out>
  <system-err><![CDATA[1612361966089	geckodriver	INFO	Listening on 127.0.0.1:9266
1612361966139	mozrunner::runner	INFO	Running command: "/usr/lib/firefox/firefox" "--marionette" "-foreground" "-no-remote" "-profile" "/tmp/rust_mozprofileNAllyc"
console.warn: SearchSettings: "get: No settings file exists, new profile?" (new Error("", "(unknown module)"))
1612361977795	Marionette	INFO	Listening on port 44277
1612361977932	Marionette	WARN	TLS certificate errors will be ignored for this session
Feb 03, 2021 3:19:38 PM org.openqa.selenium.remote.ProtocolHandshake createSession
INFO: Detected dialect: W3C
1612361990444	Marionette	WARN	TimedPromise timed out after 500 ms: stacktrace:
TimedPromise/<@chrome://marionette/content/sync.js:235:19
TimedPromise@chrome://marionette/content/sync.js:220:10
interaction.flushEventLoop@chrome://marionette/content/interaction.js:418:10
webdriverClickElement@chrome://marionette/content/interaction.js:179:31
1612361996323	Marionette	INFO	Stopped listening on port 44277
]]></system-err>
</testsuite>
